2025-07-14 17:31:16.499 [info] Reading sessions from keychain...
2025-07-14 17:31:16.499 [info] Getting sessions for all scopes...
2025-07-14 17:31:16.499 [info] Got 0 sessions for ...
2025-07-14 17:31:16.624 [info] Getting sessions for read:user,repo,user:email,workflow...
2025-07-14 17:31:16.624 [info] Got 0 sessions for read:user,repo,user:email,workflow...
2025-07-14 17:31:18.549 [info] Logging in with 'any' account...
2025-07-14 17:31:18.549 [info] Logging in for the following scopes: read:user repo user:email workflow
2025-07-14 17:31:18.804 [info] Trying device code flow... (read:user repo user:email workflow)
2025-07-14 17:33:31.544 [error] Timed out
2025-07-14 17:34:42.868 [info] Trying to retrieve PAT... (read:user repo user:email workflow)
2025-07-14 17:35:49.834 [error] User Cancelled
2025-07-14 17:35:51.859 [info] Getting sessions for read:user,repo,user:email,workflow...
2025-07-14 17:35:51.859 [info] Got 0 sessions for read:user,repo,user:email,workflow...
2025-07-14 17:35:53.595 [info] Logging in with 'any' account...
2025-07-14 17:35:53.595 [info] Logging in for the following scopes: read:user repo user:email workflow
2025-07-14 17:35:53.723 [info] Trying device code flow... (read:user repo user:email workflow)
2025-07-14 17:38:01.752 [error] Timed out
2025-07-14 17:39:54.159 [info] Trying to retrieve PAT... (read:user repo user:email workflow)
2025-07-14 17:41:14.350 [info] Getting token scopes...
2025-07-14 17:41:14.531 [info] Getting user info...
2025-07-14 17:41:14.728 [info] Got account info!
2025-07-14 17:41:14.728 [info] Storing 1 sessions...
2025-07-14 17:41:14.856 [info] Reading sessions from keychain...
2025-07-14 17:41:14.856 [info] Stored 1 sessions!
2025-07-14 17:41:14.856 [info] Login success!
2025-07-14 17:41:14.988 [info] Got stored sessions!
2025-07-14 17:41:14.989 [info] Got 1 verified sessions.
2025-07-14 17:51:30.134 [info] Getting sessions for read:user,repo,user:email,workflow...
2025-07-14 17:51:30.134 [info] Got 1 sessions for read:user,repo,user:email,workflow...
2025-07-14 17:51:30.813 [info] Getting sessions for read:user,repo,user:email,workflow...
2025-07-14 17:51:30.814 [info] Got 1 sessions for read:user,repo,user:email,workflow...
2025-07-14 17:53:05.431 [info] Getting sessions for read:user,repo,user:email,workflow...
2025-07-14 17:53:05.431 [info] Got 1 sessions for read:user,repo,user:email,workflow...
2025-07-14 17:53:18.026 [info] Getting sessions for read:user,repo,user:email,workflow...
2025-07-14 17:53:18.026 [info] Got 1 sessions for read:user,repo,user:email,workflow...
