2025-07-11 20:30:12.272 [info] Extension host with pid 1827 started
2025-07-11 20:30:12.302 [info] Lock '/home/ernanidapaz422/.codeoss/data/User/workspaceStorage/-60f3021d/vscode.lock': Lock acquired.
2025-07-11 20:30:12.443 [info] ExtensionService#_doActivateExtension vscode.emmet, startup: false, activationEvent: 'onLanguage'
2025-07-11 20:30:12.646 [info] ExtensionService#_doActivateExtension vscode.git-base, startup: true, activationEvent: '*', root cause: vscode.git
2025-07-11 20:30:12.784 [info] ExtensionService#_doActivateExtension vscode.git, startup: true, activationEvent: '*'
2025-07-11 20:30:12.784 [info] ExtensionService#_doActivateExtension vscode.github, startup: true, activationEvent: '*'
2025-07-11 20:30:13.789 [info] Eager extensions activated
2025-07-11 20:30:13.795 [info] ExtensionService#_doActivateExtension EditorConfig.EditorConfig, startup: false, activationEvent: 'onStartupFinished'
2025-07-11 20:30:13.796 [info] ExtensionService#_doActivateExtension google.cloud-shell, startup: false, activationEvent: 'onStartupFinished'
2025-07-11 20:30:13.797 [info] ExtensionService#_doActivateExtension google.geminicodeassist, startup: false, activationEvent: 'onStartupFinished', root cause: googlecloudtools.cloudcode
2025-07-11 20:30:13.797 [info] ExtensionService#_doActivateExtension vscode.debug-auto-launch, startup: false, activationEvent: 'onStartupFinished'
2025-07-11 20:30:13.804 [info] ExtensionService#_doActivateExtension vscode.merge-conflict, startup: false, activationEvent: 'onStartupFinished'
2025-07-11 20:30:15.930 [info] ExtensionService#_doActivateExtension googlecloudtools.cloudcode, startup: false, activationEvent: 'onStartupFinished'
2025-07-11 20:30:18.493 [info] ExtensionService#_doActivateExtension vscode.configuration-editing, startup: false, activationEvent: 'onLanguage:jsonc'
2025-07-11 20:30:18.493 [info] ExtensionService#_doActivateExtension vscode.json-language-features, startup: false, activationEvent: 'onLanguage:jsonc'
2025-07-11 20:30:18.494 [info] ExtensionService#_doActivateExtension vscode.typescript-language-features, startup: false, activationEvent: 'onLanguage:jsonc'
2025-07-11 20:30:19.456 [info] ExtensionService#_doActivateExtension ms-python.python, startup: false, activationEvent: 'onLanguage:python'
2025-07-11 20:30:20.090 [error] Error: spawn /google/devshell/editor/code-oss-for-cloud-shell/extensions/ms-python.python/python-env-tools/bin/pet ENOENT
    at Process.ChildProcess._handle.onexit (node:internal/child_process:285:19)
    at onErrorNT (node:internal/child_process:483:16)
    at processTicksAndRejections (node:internal/process/task_queues:82:21)
2025-07-11 20:30:20.245 [info] ExtensionService#_doActivateExtension vscode.markdown-language-features, startup: false, activationEvent: 'onCommand:markdown.showPreview'
2025-07-11 20:30:23.728 [info] ExtensionService#_doActivateExtension vscode.extension-editing, startup: false, activationEvent: 'onLanguage:markdown'
2025-07-11 20:30:24.436 [info] ExtensionService#_doActivateExtension vscode.markdown-math, startup: false, activationEvent: 'api', root cause: vscode.markdown-language-features
2025-07-11 20:30:51.532 [info] ExtensionService#_doActivateExtension vscode.media-preview, startup: false, activationEvent: 'onCustomEditor:imagePreview.previewEditor'
2025-07-11 20:31:12.023 [info] ExtensionService#_doActivateExtension vscode.html-language-features, startup: false, activationEvent: 'onLanguage:html'
2025-07-11 20:31:57.474 [info] ExtensionService#_doActivateExtension vscode.debug-server-ready, startup: false, activationEvent: 'onDebugResolve'
2025-07-11 21:02:52.820 [info] Extension host terminating: received terminate message from renderer
2025-07-11 21:02:52.852 [info] Lock '/home/ernanidapaz422/.codeoss/data/User/workspaceStorage/-60f3021d/vscode.lock': Marking the lockfile as scheduled to be released in 6000 ms.
2025-07-11 21:02:53.014 [info] Extension host with pid 1827 exiting with code 0
