2025-07-14 14:46:48.050 [info] [main] Log level: Info
2025-07-14 14:46:48.050 [info] [main] Validating found git in: "git"
2025-07-14 14:46:48.050 [info] [main] Using git "2.43.0" from "git"
2025-07-14 14:46:48.050 [info] [Model][doInitialScan] Initial repository scan started
2025-07-14 14:46:48.050 [info] > git rev-parse --show-toplevel [12ms]
2025-07-14 14:46:48.050 [info] fatal: not a git repository (or any parent up to mount point /)
Stopping at filesystem boundary (GIT_DISCOVERY_ACROSS_FILESYSTEM not set).
2025-07-14 14:46:48.050 [info] > git rev-parse --show-toplevel [2ms]
2025-07-14 14:46:48.050 [info] fatal: not a git repository (or any parent up to mount point /)
Stopping at filesystem boundary (GIT_DISCOVERY_ACROSS_FILESYSTEM not set).
2025-07-14 14:46:48.050 [info] > git rev-parse --show-toplevel [1ms]
2025-07-14 14:46:48.050 [info] fatal: not a git repository (or any parent up to mount point /)
Stopping at filesystem boundary (GIT_DISCOVERY_ACROSS_FILESYSTEM not set).
2025-07-14 14:46:48.050 [info] > git rev-parse --show-toplevel [3ms]
2025-07-14 14:46:48.050 [info] fatal: not a git repository (or any parent up to mount point /)
Stopping at filesystem boundary (GIT_DISCOVERY_ACROSS_FILESYSTEM not set).
2025-07-14 14:46:48.050 [info] > git rev-parse --show-toplevel [3ms]
2025-07-14 14:46:48.050 [info] fatal: not a git repository (or any parent up to mount point /)
Stopping at filesystem boundary (GIT_DISCOVERY_ACROSS_FILESYSTEM not set).
2025-07-14 14:46:48.050 [info] > git rev-parse --show-toplevel [2ms]
2025-07-14 14:46:48.050 [info] fatal: not a git repository (or any parent up to mount point /)
Stopping at filesystem boundary (GIT_DISCOVERY_ACROSS_FILESYSTEM not set).
2025-07-14 14:46:48.050 [info] > git rev-parse --show-toplevel [2ms]
2025-07-14 14:46:48.050 [info] fatal: not a git repository (or any parent up to mount point /)
Stopping at filesystem boundary (GIT_DISCOVERY_ACROSS_FILESYSTEM not set).
2025-07-14 14:46:48.050 [info] > git rev-parse --show-toplevel [2ms]
2025-07-14 14:46:48.050 [info] fatal: not a git repository (or any parent up to mount point /)
Stopping at filesystem boundary (GIT_DISCOVERY_ACROSS_FILESYSTEM not set).
2025-07-14 14:46:48.050 [info] [Model][doInitialScan] Initial repository scan completed - repositories (0), closed repositories (0), parent repositories (0), unsafe repositories (0)
2025-07-14 14:46:50.404 [info] > git rev-parse --show-toplevel [9ms]
2025-07-14 14:46:50.404 [info] fatal: not a git repository (or any parent up to mount point /)
Stopping at filesystem boundary (GIT_DISCOVERY_ACROSS_FILESYSTEM not set).
2025-07-14 14:48:28.840 [info] > git rev-parse --show-toplevel [5ms]
2025-07-14 14:48:28.840 [info] fatal: not a git repository (or any parent up to mount point /)
Stopping at filesystem boundary (GIT_DISCOVERY_ACROSS_FILESYSTEM not set).
2025-07-14 14:48:30.062 [info] > git rev-parse --show-toplevel [4ms]
2025-07-14 14:48:30.062 [info] fatal: not a git repository (or any parent up to mount point /)
Stopping at filesystem boundary (GIT_DISCOVERY_ACROSS_FILESYSTEM not set).
2025-07-14 14:49:53.213 [info] > git rev-parse --show-toplevel [7ms]
2025-07-14 14:49:53.213 [info] fatal: not a git repository (or any parent up to mount point /)
Stopping at filesystem boundary (GIT_DISCOVERY_ACROSS_FILESYSTEM not set).
2025-07-14 14:50:06.496 [info] > git rev-parse --show-toplevel [4ms]
2025-07-14 14:50:06.496 [info] fatal: not a git repository (or any parent up to mount point /)
Stopping at filesystem boundary (GIT_DISCOVERY_ACROSS_FILESYSTEM not set).
