Initializing document watcher...
Document watcher initialized
ernanidapaz422/hello-world-1/kubernetes-manifests/hello.deployment.yaml: {}
ernanidapaz422/hello-world-1/kubernetes-manifests/hello.service.yaml: {}
ernanidapaz422/hello-world-1/src/app.py: {}
ernanidapaz422/hello-world-1/src/Dockerfile: {}
ernanidapaz422/hello-world-1/src/Procfile: {}
ernanidapaz422/hello-world-1/README.md: {}
ernanidapaz422/hello-world-1/README.md: {}
ernanidapaz422/hello-world-1/README.md: {}
ernanidapaz422/hello-world-1/README.md: {}
ernanidapaz422/hello-world-1/README.md: {}
ernanidapaz422/hello-world-1/src/app.py: {}
ernanidapaz422/hello-world-1/src/app.py: {}
ernanidapaz422/hello-world-1/src/app.py: {}
ernanidapaz422/hello-world-1/src/app.py: {}
ernanidapaz422/hello-world-1/src/app.py: {}
ernanidapaz422/hello-world-1/src/app.py: {}
ernanidapaz422/hello-world-1/src/app.py: {}
ernanidapaz422/hello-world-1/src/app.py: {}
ernanidapaz422/hello-world-1/src/app.py: {}
ernanidapaz422/hello-world-1/src/app.py: {}
ernanidapaz422/hello-world-1/src/app.py: {}
ernanidapaz422/hello-world-1/src/app.py: {}
ernanidapaz422/hello-world-1/src/app.py: {}
ernanidapaz422/hello-world-1/src/app.py: {}
ernanidapaz422/hello-world-1/src/app.py: {}
ernanidapaz422/hello-world-1/src/app.py: {}
ernanidapaz422/hello-world-1/src/app.py: {}
ernanidapaz422/hello-world-1/src/app.py: {}
ernanidapaz422/hello-world-1/src/app.py: {}
ernanidapaz422/hello-world-1/src/app.py: {}
ernanidapaz422/hello-world-1/src/app.py: {}
ernanidapaz422/hello-world-1/src/app.py: {}
ernanidapaz422/hello-world-1/kubernetes-manifests/hello.deployment.yaml: {}
ernanidapaz422/hello-world-1/kubernetes-manifests/hello.service.yaml: {}
ernanidapaz422/hello-world-1/kubernetes-manifests/hello.deployment.yaml: {}
ernanidapaz422/hello-world-1/src/Dockerfile: {}
ernanidapaz422/hello-world-1/src/templates/index.html: {}
ernanidapaz422/hello-world-1/src/Dockerfile: {}
ernanidapaz422/hello-world-1/src/app.py: {}
ernanidapaz422/hello-world-1/src/Dockerfile: {}
ernanidapaz422/README-cloudshell.txt: {}
ernanidapaz422/README-cloudshell.txt: {}
ernanidapaz422/README-cloudshell.txt: {}
ernanidapaz422/README-cloudshell.txt: {}
ernanidapaz422/README-cloudshell.txt: {}
ernanidapaz422/README-cloudshell.txt: {}
ernanidapaz422/README-cloudshell.txt: {}
ernanidapaz422/README-cloudshell.txt: {}
