2025-07-11 20:20:53.998 [info] [main] Log level: Info
2025-07-11 20:20:53.998 [info] [main] Validating found git in: "git"
2025-07-11 20:20:53.998 [info] [main] Using git "2.43.0" from "git"
2025-07-11 20:20:53.998 [info] [Model][doInitialScan] Initial repository scan started
2025-07-11 20:20:53.998 [info] > git rev-parse --show-toplevel [4ms]
2025-07-11 20:20:53.998 [info] fatal: not a git repository (or any parent up to mount point /)
Stopping at filesystem boundary (GIT_DISCOVERY_ACROSS_FILESYSTEM not set).
2025-07-11 20:20:53.998 [info] > git rev-parse --show-toplevel [2ms]
2025-07-11 20:20:53.998 [info] fatal: not a git repository (or any parent up to mount point /)
Stopping at filesystem boundary (GIT_DISCOVERY_ACROSS_FILESYSTEM not set).
2025-07-11 20:20:53.998 [info] > git rev-parse --show-toplevel [2ms]
2025-07-11 20:20:53.998 [info] fatal: not a git repository (or any parent up to mount point /)
Stopping at filesystem boundary (GIT_DISCOVERY_ACROSS_FILESYSTEM not set).
2025-07-11 20:20:53.998 [info] > git rev-parse --show-toplevel [2ms]
2025-07-11 20:20:53.998 [info] fatal: not a git repository (or any parent up to mount point /)
Stopping at filesystem boundary (GIT_DISCOVERY_ACROSS_FILESYSTEM not set).
2025-07-11 20:20:53.998 [info] > git rev-parse --show-toplevel [2ms]
2025-07-11 20:20:53.998 [info] fatal: not a git repository (or any parent up to mount point /)
Stopping at filesystem boundary (GIT_DISCOVERY_ACROSS_FILESYSTEM not set).
2025-07-11 20:20:53.998 [info] > git rev-parse --show-toplevel [2ms]
2025-07-11 20:20:53.998 [info] fatal: not a git repository (or any parent up to mount point /)
Stopping at filesystem boundary (GIT_DISCOVERY_ACROSS_FILESYSTEM not set).
2025-07-11 20:20:53.998 [info] > git rev-parse --show-toplevel [5ms]
2025-07-11 20:20:53.998 [info] fatal: not a git repository (or any parent up to mount point /)
Stopping at filesystem boundary (GIT_DISCOVERY_ACROSS_FILESYSTEM not set).
2025-07-11 20:20:53.998 [info] [Model][doInitialScan] Initial repository scan completed - repositories (0), closed repositories (0), parent repositories (0), unsafe repositories (0)
2025-07-11 20:20:59.840 [info] > git rev-parse --show-toplevel [4ms]
2025-07-11 20:20:59.840 [info] fatal: not a git repository (or any parent up to mount point /)
Stopping at filesystem boundary (GIT_DISCOVERY_ACROSS_FILESYSTEM not set).
2025-07-11 20:25:04.506 [info] > git rev-parse --show-toplevel [7ms]
2025-07-11 20:25:04.507 [info] fatal: not a git repository (or any parent up to mount point /)
Stopping at filesystem boundary (GIT_DISCOVERY_ACROSS_FILESYSTEM not set).
2025-07-11 20:27:41.044 [info] > git rev-parse --show-toplevel [6ms]
2025-07-11 20:27:41.044 [info] fatal: not a git repository (or any parent up to mount point /)
Stopping at filesystem boundary (GIT_DISCOVERY_ACROSS_FILESYSTEM not set).
2025-07-11 20:29:41.949 [info] > git rev-parse --show-toplevel [9ms]
2025-07-11 20:29:41.949 [info] fatal: not a git repository (or any parent up to mount point /)
Stopping at filesystem boundary (GIT_DISCOVERY_ACROSS_FILESYSTEM not set).
